# JRE version: OpenJDK Runtime Environment Temurin-17.0.10+7 (17.0.10+7) (build 17.0.10+7)
# Java VM: OpenJDK 64-Bit Server VM Temurin-17.0.10+7 (17.0.10+7, mixed mode, emulated-client, tiered, compressed oops, compressed class ptrs, g1 gc, windows-amd64)
GC Precious Log:
 CPUs: 4 total, 4 available
 Memory: 8092M
 Large Page Support: Disabled
 NUMA Support: Disabled
 Compressed Oops: Enabled (32-bit)
 Heap Region Size: 1M
 Heap Min Capacity: 8M
 Heap Initial Capacity: 128M
 Heap Max Capacity: 1G
 Pre-touch: Disabled
 Parallel Workers: 4
 Concurrent Workers: 1
 Concurrent Refinement Workers: 4
 Periodic GC: Disabled
Heap:
 garbage-first heap   total 97280K, used 29053K [0x00000000c0000000, 0x0000000100000000)
  region size 1024K, 1 young (1024K), 0 survivors (0K)
 Metaspace       used 57375K, committed 58112K, reserved 1114112K
  class space    used 7087K, committed 7360K, reserved 1048576K
GC Heap History (20 events):
Event: 80713.304 GC heap before
{Heap before GC invocations=1509 (full 1487):
 garbage-first heap   total 97280K, used 29053K [0x00000000c0000000, 0x0000000100000000)
  region size 1024K, 1 young (1024K), 0 survivors (0K)
 Metaspace       used 57375K, committed 58112K, reserved 1114112K
  class space    used 7087K, committed 7360K, reserved 1048576K
}
Event: 80713.353 GC heap after
{Heap after GC invocations=1510 (full 1488):
 garbage-first heap   total 97280K, used 29053K [0x00000000c0000000, 0x0000000100000000)
  region size 1024K, 0 young (0K), 0 survivors (0K)
 Metaspace       used 57375K, committed 58112K, reserved 1114112K
  class space    used 7087K, committed 7360K, reserved 1048576K
}
Event: 80723.539 GC heap before
{Heap before GC invocations=1510 (full 1488):
 garbage-first heap   total 97280K, used 29053K [0x00000000c0000000, 0x0000000100000000)
  region size 1024K, 1 young (1024K), 0 survivors (0K)
 Metaspace       used 57375K, committed 58112K, reserved 1114112K
  class space    used 7087K, committed 7360K, reserved 1048576K
}
Event: 80723.566 GC heap after
{Heap after GC invocations=1511 (full 1489):
 garbage-first heap   total 97280K, used 29053K [0x00000000c0000000, 0x0000000100000000)
  region size 1024K, 0 young (0K), 0 survivors (0K)
 Metaspace       used 57375K, committed 58112K, reserved 1114112K
  class space    used 7087K, committed 7360K, reserved 1048576K
}
Event: 80733.708 GC heap before
{Heap before GC invocations=1511 (full 1489):
 garbage-first heap   total 97280K, used 29053K [0x00000000c0000000, 0x0000000100000000)
  region size 1024K, 1 young (1024K), 0 survivors (0K)
 Metaspace       used 57375K, committed 58112K, reserved 1114112K
  class space    used 7087K, committed 7360K, reserved 1048576K
}
Event: 80733.740 GC heap after
{Heap after GC invocations=1512 (full 1490):
 garbage-first heap   total 97280K, used 29053K [0x00000000c0000000, 0x0000000100000000)
  region size 1024K, 0 young (0K), 0 survivors (0K)
 Metaspace       used 57375K, committed 58112K, reserved 1114112K
  class space    used 7087K, committed 7360K, reserved 1048576K
}
Event: 80743.888 GC heap before
{Heap before GC invocations=1512 (full 1490):
 garbage-first heap   total 97280K, used 29053K [0x00000000c0000000, 0x0000000100000000)
  region size 1024K, 1 young (1024K), 0 survivors (0K)
 Metaspace       used 57375K, committed 58112K, reserved 1114112K
  class space    used 7087K, committed 7360K, reserved 1048576K
}
Event: 80743.928 GC heap after
{Heap after GC invocations=1513 (full 1491):
 garbage-first heap   total 97280K, used 29053K [0x00000000c0000000, 0x0000000100000000)
  region size 1024K, 0 young (0K), 0 survivors (0K)
 Metaspace       used 57375K, committed 58112K, reserved 1114112K
  class space    used 7087K, committed 7360K, reserved 1048576K
}
Event: 80754.048 GC heap before
{Heap before GC invocations=1513 (full 1491):
 garbage-first heap   total 97280K, used 29053K [0x00000000c0000000, 0x0000000100000000)
  region size 1024K, 1 young (1024K), 0 survivors (0K)
 Metaspace       used 57375K, committed 58112K, reserved 1114112K
  class space    used 7087K, committed 7360K, reserved 1048576K
}
Event: 80754.078 GC heap after
{Heap after GC invocations=1514 (full 1492):
 garbage-first heap   total 97280K, used 29053K [0x00000000c0000000, 0x0000000100000000)
  region size 1024K, 0 young (0K), 0 survivors (0K)
 Metaspace       used 57375K, committed 58112K, reserved 1114112K
  class space    used 7087K, committed 7360K, reserved 1048576K
}
Event: 80764.350 GC heap before
{Heap before GC invocations=1514 (full 1492):
 garbage-first heap   total 97280K, used 29053K [0x00000000c0000000, 0x0000000100000000)
  region size 1024K, 1 young (1024K), 0 survivors (0K)
 Metaspace       used 57375K, committed 58112K, reserved 1114112K
  class space    used 7087K, committed 7360K, reserved 1048576K
}
Event: 80764.408 GC heap after
{Heap after GC invocations=1515 (full 1493):
 garbage-first heap   total 97280K, used 29053K [0x00000000c0000000, 0x0000000100000000)
  region size 1024K, 0 young (0K), 0 survivors (0K)
 Metaspace       used 57375K, committed 58112K, reserved 1114112K
  class space    used 7087K, committed 7360K, reserved 1048576K
}
Event: 80774.572 GC heap before
{Heap before GC invocations=1515 (full 1493):
 garbage-first heap   total 97280K, used 29053K [0x00000000c0000000, 0x0000000100000000)
  region size 1024K, 1 young (1024K), 0 survivors (0K)
 Metaspace       used 57375K, committed 58112K, reserved 1114112K
  class space    used 7087K, committed 7360K, reserved 1048576K
}
Event: 80774.622 GC heap after
{Heap after GC invocations=1516 (full 1494):
 garbage-first heap   total 97280K, used 29053K [0x00000000c0000000, 0x0000000100000000)
  region size 1024K, 0 young (0K), 0 survivors (0K)
 Metaspace       used 57375K, committed 58112K, reserved 1114112K
  class space    used 7087K, committed 7360K, reserved 1048576K
}
Event: 80784.928 GC heap before
{Heap before GC invocations=1516 (full 1494):
 garbage-first heap   total 97280K, used 29053K [0x00000000c0000000, 0x0000000100000000)
  region size 1024K, 1 young (1024K), 0 survivors (0K)
 Metaspace       used 57375K, committed 58112K, reserved 1114112K
  class space    used 7087K, committed 7360K, reserved 1048576K
}
Event: 80784.970 GC heap after
{Heap after GC invocations=1517 (full 1495):
 garbage-first heap   total 97280K, used 29053K [0x00000000c0000000, 0x0000000100000000)
  region size 1024K, 0 young (0K), 0 survivors (0K)
 Metaspace       used 57375K, committed 58112K, reserved 1114112K
  class space    used 7087K, committed 7360K, reserved 1048576K
}
Event: 80795.234 GC heap before
{Heap before GC invocations=1517 (full 1495):
 garbage-first heap   total 97280K, used 29053K [0x00000000c0000000, 0x0000000100000000)
  region size 1024K, 1 young (1024K), 0 survivors (0K)
 Metaspace       used 57375K, committed 58112K, reserved 1114112K
  class space    used 7087K, committed 7360K, reserved 1048576K
}
Event: 80795.298 GC heap after
{Heap after GC invocations=1518 (full 1496):
 garbage-first heap   total 97280K, used 29053K [0x00000000c0000000, 0x0000000100000000)
  region size 1024K, 0 young (0K), 0 survivors (0K)
 Metaspace       used 57375K, committed 58112K, reserved 1114112K
  class space    used 7087K, committed 7360K, reserved 1048576K
}
Event: 80805.550 GC heap before
{Heap before GC invocations=1518 (full 1496):
 garbage-first heap   total 97280K, used 29053K [0x00000000c0000000, 0x0000000100000000)
  region size 1024K, 1 young (1024K), 0 survivors (0K)
 Metaspace       used 57375K, committed 58112K, reserved 1114112K
  class space    used 7087K, committed 7360K, reserved 1048576K
}
Event: 80805.617 GC heap after
{Heap after GC invocations=1519 (full 1497):
 garbage-first heap   total 97280K, used 29053K [0x00000000c0000000, 0x0000000100000000)
  region size 1024K, 0 young (0K), 0 survivors (0K)
 Metaspace       used 57375K, committed 58112K, reserved 1114112K
  class space    used 7087K, committed 7360K, reserved 1048576K
}

